<?xml version="1.0" encoding="UTF-8"?>
<!-- Generated by org.testng.reporters.JUnitReportReporter -->
<testsuite hostname="LAPTOP-Q2SNRQDH" failures="0" tests="1" name="com.Actitime.GenericLibrary.BaseClass" time="13.926" errors="0" timestamp="2023-05-10T09:30:51 IST" skipped="0">
  <testcase classname="com.Actitime.GenericLibrary.BaseClass" name="successfull" time="13.926"/>
  <system-out>
    <![CDATA[the above process is successfull]]>
  </system-out>
</testsuite> <!-- com.Actitime.GenericLibrary.BaseClass -->
